mode: set
merch_service/internal/service/merch.service.go:30.138,37.2 1 0
merch_service/internal/service/merch.service.go:42.101,44.16 2 0
merch_service/internal/service/merch.service.go:44.16,46.3 1 0
merch_service/internal/service/merch.service.go:48.2,48.25 1 0
merch_service/internal/service/merch.service.go:48.25,50.3 1 0
merch_service/internal/service/merch.service.go:52.2,53.16 2 0
merch_service/internal/service/merch.service.go:53.16,55.3 1 0
merch_service/internal/service/merch.service.go:57.2,57.36 1 0
merch_service/internal/service/merch.service.go:57.36,59.3 1 0
merch_service/internal/service/merch.service.go:61.2,68.16 6 0
merch_service/internal/service/merch.service.go:68.16,70.3 1 0
merch_service/internal/service/merch.service.go:72.2,72.30 1 0
merch_service/internal/service/merch.service.go:72.30,74.17 2 0
merch_service/internal/service/merch.service.go:74.17,76.4 1 0
merch_service/internal/service/merch.service.go:79.2,80.16 2 0
merch_service/internal/service/merch.service.go:80.16,84.3 3 0
merch_service/internal/service/merch.service.go:86.2,86.29 1 0
merch_service/internal/service/merch.service.go:86.29,88.17 2 0
merch_service/internal/service/merch.service.go:88.17,90.4 1 0
merch_service/internal/service/merch.service.go:93.2,93.24 1 0
merch_service/internal/service/merch.service.go:97.79,99.2 1 0
merch_service/internal/service/transaction.service.go:24.128,30.2 1 0
merch_service/internal/service/transaction.service.go:35.95,36.17 1 0
merch_service/internal/service/transaction.service.go:36.17,38.3 1 0
merch_service/internal/service/transaction.service.go:40.2,40.20 1 0
merch_service/internal/service/transaction.service.go:40.20,42.3 1 0
merch_service/internal/service/transaction.service.go:44.2,45.16 2 0
merch_service/internal/service/transaction.service.go:45.16,47.3 1 0
merch_service/internal/service/transaction.service.go:49.2,50.16 2 0
merch_service/internal/service/transaction.service.go:50.16,52.3 1 0
merch_service/internal/service/transaction.service.go:54.2,54.29 1 0
merch_service/internal/service/transaction.service.go:54.29,56.3 1 0
merch_service/internal/service/transaction.service.go:58.2,62.16 4 0
merch_service/internal/service/transaction.service.go:62.16,64.3 1 0
merch_service/internal/service/transaction.service.go:66.2,67.16 2 0
merch_service/internal/service/transaction.service.go:67.16,69.3 1 0
merch_service/internal/service/transaction.service.go:71.2,72.16 2 0
merch_service/internal/service/transaction.service.go:72.16,74.3 1 0
merch_service/internal/service/transaction.service.go:76.2,77.16 2 0
merch_service/internal/service/transaction.service.go:77.16,79.3 1 0
merch_service/internal/service/transaction.service.go:81.2,82.16 2 0
merch_service/internal/service/transaction.service.go:82.16,84.3 1 0
merch_service/internal/service/transaction.service.go:85.2,85.12 1 0
merch_service/internal/service/user.service.go:35.111,41.2 1 0
merch_service/internal/service/user.service.go:45.85,47.16 2 0
merch_service/internal/service/user.service.go:47.16,49.3 1 0
merch_service/internal/service/user.service.go:51.2,51.38 1 0
merch_service/internal/service/user.service.go:51.38,53.3 1 0
merch_service/internal/service/user.service.go:55.2,55.12 1 0
merch_service/internal/service/user.service.go:60.88,62.16 2 0
merch_service/internal/service/user.service.go:62.16,64.3 1 0
merch_service/internal/service/user.service.go:66.2,67.16 2 0
merch_service/internal/service/user.service.go:67.16,69.3 1 0
merch_service/internal/service/user.service.go:71.2,71.12 1 0
merch_service/internal/service/user.service.go:76.105,78.16 2 0
merch_service/internal/service/user.service.go:78.16,80.3 1 0
merch_service/internal/service/user.service.go:82.2,83.16 2 0
merch_service/internal/service/user.service.go:83.16,85.3 1 0
merch_service/internal/service/user.service.go:86.2,86.26 1 0
merch_service/internal/service/user.service.go:91.111,93.16 2 0
merch_service/internal/service/user.service.go:93.16,95.3 1 0
merch_service/internal/service/user.service.go:97.2,98.16 2 0
merch_service/internal/service/user.service.go:98.16,100.3 1 0
merch_service/internal/service/user.service.go:101.2,101.29 1 0
merch_service/internal/service/merch.service.go:30.138,37.2 1 1
merch_service/internal/service/merch.service.go:42.101,44.16 2 1
merch_service/internal/service/merch.service.go:44.16,46.3 1 0
merch_service/internal/service/merch.service.go:48.2,48.25 1 1
merch_service/internal/service/merch.service.go:48.25,50.3 1 1
merch_service/internal/service/merch.service.go:52.2,53.16 2 1
merch_service/internal/service/merch.service.go:53.16,55.3 1 0
merch_service/internal/service/merch.service.go:57.2,57.36 1 1
merch_service/internal/service/merch.service.go:57.36,59.3 1 1
merch_service/internal/service/merch.service.go:61.2,68.16 6 1
merch_service/internal/service/merch.service.go:68.16,70.3 1 0
merch_service/internal/service/merch.service.go:72.2,72.30 1 1
merch_service/internal/service/merch.service.go:72.30,74.17 2 1
merch_service/internal/service/merch.service.go:74.17,76.4 1 0
merch_service/internal/service/merch.service.go:79.2,80.16 2 1
merch_service/internal/service/merch.service.go:80.16,84.3 3 0
merch_service/internal/service/merch.service.go:86.2,86.29 1 1
merch_service/internal/service/merch.service.go:86.29,88.17 2 1
merch_service/internal/service/merch.service.go:88.17,90.4 1 0
merch_service/internal/service/merch.service.go:93.2,93.24 1 1
merch_service/internal/service/merch.service.go:97.79,99.2 1 1
merch_service/internal/service/transaction.service.go:24.128,30.2 1 1
merch_service/internal/service/transaction.service.go:35.95,36.17 1 1
merch_service/internal/service/transaction.service.go:36.17,38.3 1 1
merch_service/internal/service/transaction.service.go:40.2,40.20 1 1
merch_service/internal/service/transaction.service.go:40.20,42.3 1 1
merch_service/internal/service/transaction.service.go:44.2,45.16 2 1
merch_service/internal/service/transaction.service.go:45.16,47.3 1 1
merch_service/internal/service/transaction.service.go:49.2,50.16 2 1
merch_service/internal/service/transaction.service.go:50.16,52.3 1 0
merch_service/internal/service/transaction.service.go:54.2,54.29 1 1
merch_service/internal/service/transaction.service.go:54.29,56.3 1 1
merch_service/internal/service/transaction.service.go:58.2,62.16 4 1
merch_service/internal/service/transaction.service.go:62.16,64.3 1 0
merch_service/internal/service/transaction.service.go:66.2,67.16 2 1
merch_service/internal/service/transaction.service.go:67.16,69.3 1 0
merch_service/internal/service/transaction.service.go:71.2,72.16 2 1
merch_service/internal/service/transaction.service.go:72.16,74.3 1 0
merch_service/internal/service/transaction.service.go:76.2,77.16 2 1
merch_service/internal/service/transaction.service.go:77.16,79.3 1 0
merch_service/internal/service/transaction.service.go:81.2,82.16 2 1
merch_service/internal/service/transaction.service.go:82.16,84.3 1 0
merch_service/internal/service/transaction.service.go:85.2,85.12 1 1
merch_service/internal/service/user.service.go:35.111,41.2 1 1
merch_service/internal/service/user.service.go:45.85,47.16 2 1
merch_service/internal/service/user.service.go:47.16,49.3 1 1
merch_service/internal/service/user.service.go:51.2,51.38 1 1
merch_service/internal/service/user.service.go:51.38,53.3 1 1
merch_service/internal/service/user.service.go:55.2,55.12 1 1
merch_service/internal/service/user.service.go:60.88,62.16 2 1
merch_service/internal/service/user.service.go:62.16,64.3 1 1
merch_service/internal/service/user.service.go:66.2,67.16 2 1
merch_service/internal/service/user.service.go:67.16,69.3 1 0
merch_service/internal/service/user.service.go:71.2,71.12 1 1
merch_service/internal/service/user.service.go:76.105,78.16 2 1
merch_service/internal/service/user.service.go:78.16,80.3 1 0
merch_service/internal/service/user.service.go:82.2,83.16 2 1
merch_service/internal/service/user.service.go:83.16,85.3 1 0
merch_service/internal/service/user.service.go:86.2,86.26 1 1
merch_service/internal/service/user.service.go:91.111,93.16 2 1
merch_service/internal/service/user.service.go:93.16,95.3 1 0
merch_service/internal/service/user.service.go:97.2,98.16 2 1
merch_service/internal/service/user.service.go:98.16,100.3 1 0
merch_service/internal/service/user.service.go:101.2,101.29 1 1
merch_service/internal/service/merch.service.go:30.138,37.2 1 0
merch_service/internal/service/merch.service.go:42.101,44.16 2 0
merch_service/internal/service/merch.service.go:44.16,46.3 1 0
merch_service/internal/service/merch.service.go:48.2,48.25 1 0
merch_service/internal/service/merch.service.go:48.25,50.3 1 0
merch_service/internal/service/merch.service.go:52.2,53.16 2 0
merch_service/internal/service/merch.service.go:53.16,55.3 1 0
merch_service/internal/service/merch.service.go:57.2,57.36 1 0
merch_service/internal/service/merch.service.go:57.36,59.3 1 0
merch_service/internal/service/merch.service.go:61.2,68.16 6 0
merch_service/internal/service/merch.service.go:68.16,70.3 1 0
merch_service/internal/service/merch.service.go:72.2,72.30 1 0
merch_service/internal/service/merch.service.go:72.30,74.17 2 0
merch_service/internal/service/merch.service.go:74.17,76.4 1 0
merch_service/internal/service/merch.service.go:79.2,80.16 2 0
merch_service/internal/service/merch.service.go:80.16,84.3 3 0
merch_service/internal/service/merch.service.go:86.2,86.29 1 0
merch_service/internal/service/merch.service.go:86.29,88.17 2 0
merch_service/internal/service/merch.service.go:88.17,90.4 1 0
merch_service/internal/service/merch.service.go:93.2,93.24 1 0
merch_service/internal/service/merch.service.go:97.79,99.2 1 0
merch_service/internal/service/transaction.service.go:24.128,30.2 1 0
merch_service/internal/service/transaction.service.go:35.95,36.17 1 0
merch_service/internal/service/transaction.service.go:36.17,38.3 1 0
merch_service/internal/service/transaction.service.go:40.2,40.20 1 0
merch_service/internal/service/transaction.service.go:40.20,42.3 1 0
merch_service/internal/service/transaction.service.go:44.2,45.16 2 0
merch_service/internal/service/transaction.service.go:45.16,47.3 1 0
merch_service/internal/service/transaction.service.go:49.2,50.16 2 0
merch_service/internal/service/transaction.service.go:50.16,52.3 1 0
merch_service/internal/service/transaction.service.go:54.2,54.29 1 0
merch_service/internal/service/transaction.service.go:54.29,56.3 1 0
merch_service/internal/service/transaction.service.go:58.2,62.16 4 0
merch_service/internal/service/transaction.service.go:62.16,64.3 1 0
merch_service/internal/service/transaction.service.go:66.2,67.16 2 0
merch_service/internal/service/transaction.service.go:67.16,69.3 1 0
merch_service/internal/service/transaction.service.go:71.2,72.16 2 0
merch_service/internal/service/transaction.service.go:72.16,74.3 1 0
merch_service/internal/service/transaction.service.go:76.2,77.16 2 0
merch_service/internal/service/transaction.service.go:77.16,79.3 1 0
merch_service/internal/service/transaction.service.go:81.2,82.16 2 0
merch_service/internal/service/transaction.service.go:82.16,84.3 1 0
merch_service/internal/service/transaction.service.go:85.2,85.12 1 0
merch_service/internal/service/user.service.go:35.111,41.2 1 0
merch_service/internal/service/user.service.go:45.85,47.16 2 0
merch_service/internal/service/user.service.go:47.16,49.3 1 0
merch_service/internal/service/user.service.go:51.2,51.38 1 0
merch_service/internal/service/user.service.go:51.38,53.3 1 0
merch_service/internal/service/user.service.go:55.2,55.12 1 0
merch_service/internal/service/user.service.go:60.88,62.16 2 0
merch_service/internal/service/user.service.go:62.16,64.3 1 0
merch_service/internal/service/user.service.go:66.2,67.16 2 0
merch_service/internal/service/user.service.go:67.16,69.3 1 0
merch_service/internal/service/user.service.go:71.2,71.12 1 0
merch_service/internal/service/user.service.go:76.105,78.16 2 0
merch_service/internal/service/user.service.go:78.16,80.3 1 0
merch_service/internal/service/user.service.go:82.2,83.16 2 0
merch_service/internal/service/user.service.go:83.16,85.3 1 0
merch_service/internal/service/user.service.go:86.2,86.26 1 0
merch_service/internal/service/user.service.go:91.111,93.16 2 0
merch_service/internal/service/user.service.go:93.16,95.3 1 0
merch_service/internal/service/user.service.go:97.2,98.16 2 0
merch_service/internal/service/user.service.go:98.16,100.3 1 0
merch_service/internal/service/user.service.go:101.2,101.29 1 0
